Using pre-set license
Built from '2020.2/release' branch; Version is '2020.2.1f1 (270dd8c3da1c) revision 2559448'; Using compiler version '192528614'; Build Type 'Release'
OS: 'Windows 10  (10.0.0) 64bit' Language: 'en' Physical Memory: 16315 MB
BatchMode: 1, IsHumanControllingUs: 0, StartBugReporterOnCrash: 0, Is64bit: 1, IsPro: 0

 COMMAND LINE ARGUMENTS:
C:\Program Files\Unity\Hub\Editor\2020.2.1f1\Editor\Unity.exe
-adb2
-batchMode
-noUpm
-name
AssetImportWorker0
-projectPath
E:/Procedural Animation/302-2021-MathDemos/AnimDemos
-logFile
Logs/AssetImportWorker0.log
-srvPort
50143
Successfully changed project path to: E:/Procedural Animation/302-2021-MathDemos/AnimDemos
E:/Procedural Animation/302-2021-MathDemos/AnimDemos
Using Asset Import Pipeline V2.
Refreshing native plugins compatible for Editor in 23.27 ms, found 0 plugins.
Preloading 0 native plugins for Editor in 0.00 ms.
Initialize engine version: 2020.2.1f1 (270dd8c3da1c)
[Subsystems] Discovering subsystems at path C:/Program Files/Unity/Hub/Editor/2020.2.1f1/Editor/Data/Resources/UnitySubsystems
[Subsystems] Discovering subsystems at path E:/Procedural Animation/302-2021-MathDemos/AnimDemos/Assets
GfxDevice: creating device client; threaded=0
Direct3D:
    Version:  Direct3D 11.0 [level 11.1]
    Renderer: NVIDIA GeForce GTX 1050 Ti (ID=0x1c82)
    Vendor:   
    VRAM:     4018 MB
    Driver:   27.21.14.6140
Initialize mono
Mono path[0] = 'C:/Program Files/Unity/Hub/Editor/2020.2.1f1/Editor/Data/Managed'
Mono path[1] = 'C:/Program Files/Unity/Hub/Editor/2020.2.1f1/Editor/Data/MonoBleedingEdge/lib/mono/unityjit'
Mono config path = 'C:/Program Files/Unity/Hub/Editor/2020.2.1f1/Editor/Data/MonoBleedingEdge/etc'
Using monoOptions --debugger-agent=transport=dt_socket,embedding=1,server=y,suspend=n,address=127.0.0.1:56368
Begin MonoManager ReloadAssembly
Registering precompiled unity dll's ...
Register platform support module: C:/Program Files/Unity/Hub/Editor/2020.2.1f1/Editor/Data/PlaybackEngines/WindowsStandaloneSupport/UnityEditor.WindowsStandalone.Extensions.dll
Registered in 0.001879 seconds.
Native extension for WindowsStandalone target not found
Refreshing native plugins compatible for Editor in 22.58 ms, found 0 plugins.
Preloading 0 native plugins for Editor in 0.00 ms.
Invoked RoslynAnalysisRunner static constructor.
RoslynAnalysisRunner will not be running.
RoslynAnalysisRunner has terminated.
Mono: successfully reloaded assembly
- Completed reload, in  1.046 seconds
Platform modules already initialized, skipping
Registering precompiled user dll's ...
Registered in 0.000388 seconds.
Begin MonoManager ReloadAssembly
Native extension for WindowsStandalone target not found
Refreshing native plugins compatible for Editor in 0.40 ms, found 0 plugins.
Preloading 0 native plugins for Editor in 0.00 ms.
Invoked RoslynAnalysisRunner static constructor.
RoslynAnalysisRunner will not be running.
RoslynAnalysisRunner has terminated.
Mono: successfully reloaded assembly
- Completed reload, in  0.788 seconds
Platform modules already initialized, skipping
========================================================================
Worker process is ready to serve import requests
Launched and connected shader compiler UnityShaderCompiler.exe after 0.04 seconds
Refreshing native plugins compatible for Editor in 0.29 ms, found 0 plugins.
Preloading 0 native plugins for Editor in 0.00 ms.
Unloading 1154 Unused Serialized files (Serialized files now loaded: 0)
System memory in use before: 59.7 MB.
System memory in use after: 59.8 MB.

Unloading 9 unused Assets to reduce memory usage. Loaded Objects now: 1598.
Total: 1.992000 ms (FindLiveObjects: 0.266100 ms CreateObjectMapping: 0.038200 ms MarkObjects: 1.629900 ms  DeleteObjects: 0.056500 ms)

========================================================================
Received Import Request.
  path: Assets/Scripts/AnimMath.cs
  artifactKey: Guid(659d550740e982e4e858973d0734086c) Importer(815301076,1909f56bfc062723c751e8b465ee728b)
Start importing Assets/Scripts/AnimMath.cs using Guid(659d550740e982e4e858973d0734086c) Importer(815301076,1909f56bfc062723c751e8b465ee728b)  -> (artifact id: '70eae8df104b1f2abec2e23dfbe9c5b5') in 0.041143 seconds
  Import took 0.044146 seconds .

========================================================================
Received Prepare
Registering precompiled user dll's ...
Registered in 0.000443 seconds.
Begin MonoManager ReloadAssembly
Native extension for WindowsStandalone target not found
Refreshing native plugins compatible for Editor in 0.27 ms, found 0 plugins.
Preloading 0 native plugins for Editor in 0.00 ms.
Invoked RoslynAnalysisRunner static constructor.
RoslynAnalysisRunner will not be running.
RoslynAnalysisRunner has terminated.
Mono: successfully reloaded assembly
- Completed reload, in  0.653 seconds
Platform modules already initialized, skipping
Refreshing native plugins compatible for Editor in 0.26 ms, found 0 plugins.
Preloading 0 native plugins for Editor in 0.00 ms.
Unloading 1135 Unused Serialized files (Serialized files now loaded: 0)
System memory in use before: 58.8 MB.
System memory in use after: 58.9 MB.

Unloading 4 unused Assets to reduce memory usage. Loaded Objects now: 1600.
Total: 1.644600 ms (FindLiveObjects: 0.214700 ms CreateObjectMapping: 0.100400 ms MarkObjects: 1.307100 ms  DeleteObjects: 0.021300 ms)

========================================================================
Received Import Request.
  Time since last request: 815.356843 seconds.
  path: Assets/Scenes/Week4.unity
  artifactKey: Guid(7f0e693fc5a4340418f163966ce5c397) Importer(815301076,1909f56bfc062723c751e8b465ee728b)
Start importing Assets/Scenes/Week4.unity using Guid(7f0e693fc5a4340418f163966ce5c397) Importer(815301076,1909f56bfc062723c751e8b465ee728b)  -> (artifact id: '7c916819eaaaf38bd6857ce8951ec948') in 0.013142 seconds
  Import took 0.031943 seconds .

========================================================================
Received Prepare
Registering precompiled user dll's ...
Registered in 0.000579 seconds.
Begin MonoManager ReloadAssembly
Native extension for WindowsStandalone target not found
Refreshing native plugins compatible for Editor in 0.26 ms, found 0 plugins.
Preloading 0 native plugins for Editor in 0.00 ms.
Invoked RoslynAnalysisRunner static constructor.
RoslynAnalysisRunner will not be running.
RoslynAnalysisRunner has terminated.
Mono: successfully reloaded assembly
- Completed reload, in  0.642 seconds
Platform modules already initialized, skipping
Refreshing native plugins compatible for Editor in 0.26 ms, found 0 plugins.
Preloading 0 native plugins for Editor in 0.00 ms.
Unloading 1135 Unused Serialized files (Serialized files now loaded: 0)
System memory in use before: 59.1 MB.
System memory in use after: 59.2 MB.

Unloading 4 unused Assets to reduce memory usage. Loaded Objects now: 1602.
Total: 1.516500 ms (FindLiveObjects: 0.175600 ms CreateObjectMapping: 0.025800 ms MarkObjects: 1.300300 ms  DeleteObjects: 0.013300 ms)

========================================================================
Received Import Request.
  Time since last request: 583.781116 seconds.
  path: Assets/Scripts/SlideTowards.cs
  artifactKey: Guid(e2a1d080559171f44a73bd83ac836a1a) Importer(815301076,1909f56bfc062723c751e8b465ee728b)
Start importing Assets/Scripts/SlideTowards.cs using Guid(e2a1d080559171f44a73bd83ac836a1a) Importer(815301076,1909f56bfc062723c751e8b465ee728b)  -> (artifact id: '150ae48de584361a7932695f748168b9') in 0.007448 seconds
  Import took 0.010660 seconds .

========================================================================
Received Prepare
Registering precompiled user dll's ...
Registered in 0.000482 seconds.
Begin MonoManager ReloadAssembly
Native extension for WindowsStandalone target not found
Refreshing native plugins compatible for Editor in 0.27 ms, found 0 plugins.
Preloading 0 native plugins for Editor in 0.00 ms.
Invoked RoslynAnalysisRunner static constructor.
RoslynAnalysisRunner will not be running.
RoslynAnalysisRunner has terminated.
Mono: successfully reloaded assembly
- Completed reload, in  0.675 seconds
Platform modules already initialized, skipping
Refreshing native plugins compatible for Editor in 0.26 ms, found 0 plugins.
Preloading 0 native plugins for Editor in 0.00 ms.
Unloading 1135 Unused Serialized files (Serialized files now loaded: 0)
System memory in use before: 59.3 MB.
System memory in use after: 59.4 MB.

Unloading 4 unused Assets to reduce memory usage. Loaded Objects now: 1604.
Total: 1.840400 ms (FindLiveObjects: 0.156600 ms CreateObjectMapping: 0.027100 ms MarkObjects: 1.641900 ms  DeleteObjects: 0.013700 ms)

========================================================================
Received Import Request.
  Time since last request: 62.223534 seconds.
  path: Assets/Scripts/SlideTowards.cs
  artifactKey: Guid(e2a1d080559171f44a73bd83ac836a1a) Importer(815301076,1909f56bfc062723c751e8b465ee728b)
Start importing Assets/Scripts/SlideTowards.cs using Guid(e2a1d080559171f44a73bd83ac836a1a) Importer(815301076,1909f56bfc062723c751e8b465ee728b)  -> (artifact id: '9380133d16b43a6051dd02265e61d07e') in 0.003967 seconds
  Import took 0.005824 seconds .

========================================================================
Received Import Request.
  Time since last request: 1.183317 seconds.
  path: Assets/Scripts/SlideTowards.cs
  artifactKey: Guid(e2a1d080559171f44a73bd83ac836a1a) Importer(815301076,1909f56bfc062723c751e8b465ee728b)
Start importing Assets/Scripts/SlideTowards.cs using Guid(e2a1d080559171f44a73bd83ac836a1a) Importer(815301076,1909f56bfc062723c751e8b465ee728b)  -> (artifact id: '9380133d16b43a6051dd02265e61d07e') in 0.007441 seconds
  Import took 0.010225 seconds .

========================================================================
Received Prepare
Registering precompiled user dll's ...
Registered in 0.000634 seconds.
Begin MonoManager ReloadAssembly
Native extension for WindowsStandalone target not found
Refreshing native plugins compatible for Editor in 0.26 ms, found 0 plugins.
Preloading 0 native plugins for Editor in 0.00 ms.
Invoked RoslynAnalysisRunner static constructor.
RoslynAnalysisRunner will not be running.
RoslynAnalysisRunner has terminated.
Mono: successfully reloaded assembly
- Completed reload, in  0.630 seconds
Platform modules already initialized, skipping
Refreshing native plugins compatible for Editor in 0.26 ms, found 0 plugins.
Preloading 0 native plugins for Editor in 0.00 ms.
Unloading 1135 Unused Serialized files (Serialized files now loaded: 0)
System memory in use before: 59.7 MB.
System memory in use after: 59.8 MB.

Unloading 4 unused Assets to reduce memory usage. Loaded Objects now: 1606.
Total: 1.510800 ms (FindLiveObjects: 0.167100 ms CreateObjectMapping: 0.030000 ms MarkObjects: 1.301800 ms  DeleteObjects: 0.011000 ms)

